{
  "RSpec": {
    "coverage": {
      "/Users/shantocv/study/string_calculator/spec/string_calculator_spec.rb": {
        "lines": [
          null,
          null,
          1,
          null,
          1,
          1,
          1,
          1,
          null,
          null,
          1,
          1,
          null,
          null,
          1,
          1,
          null,
          null,
          1,
          1,
          null,
          null,
          1,
          1,
          null,
          null,
          null
        ]
      },
      "/Users/shantocv/study/string_calculator/lib/string_calculator.rb": {
        "lines": [
          null,
          null,
          null,
          null,
          1,
          1,
          5,
          null,
          5,
          5,
          null,
          null,
          null,
          1,
          5,
          null,
          null,
          1,
          10,
          null,
          null
        ]
      }
    },
    "timestamp": 1737117237
  }
}
