{
  "RSpec": {
    "coverage": {
      "/Users/shantocv/study/string_calculator/spec/string_calculator_spec.rb": {
        "lines": [
          null,
          null,
          1,
          null,
          1,
          1,
          1,
          1,
          null,
          null,
          1,
          1,
          null,
          null,
          1,
          1,
          null,
          null,
          1,
          1,
          null,
          null,
          1,
          1,
          null,
          null,
          1,
          1,
          null,
          null,
          1,
          1,
          null,
          null,
          null
        ]
      },
      "/Users/shantocv/study/string_calculator/lib/string_calculator.rb": {
        "lines": [
          null,
          null,
          null,
          null,
          1,
          1,
          7,
          null,
          6,
          6,
          null,
          null,
          1,
          1,
          null,
          null,
          1,
          6,
          null,
          null,
          1,
          6,
          null,
          4,
          null,
          null,
          null
        ]
      }
    },
    "timestamp": 1737121964
  }
}
